<?xml version="1.0" encoding="UTF-8"?>
<!-- Generated by org.testng.reporters.JUnitXMLReporter -->
<testsuite hostname="PengJunlin" ignored="0" name="Test" tests="22" failures="4" timestamp="18 八月 2017 10:36:23 GMT" time="18.33" errors="0">
  <testcase name="a" time="1.006" classname="com.boonya.app.test.FirstTest"/>
  <testcase name="b" time="1.003" classname="com.boonya.app.test.FirstTest"/>
  <testcase name="c" time="1.002" classname="com.boonya.app.test.FirstTest"/>
  <testcase name="d" time="1.003" classname="com.boonya.app.test.FirstTest"/>
  <testcase name="e" time="1.003" classname="com.boonya.app.test.FirstTest"/>
  <testcase name="f" time="1.003" classname="com.boonya.app.test.FirstTest"/>
  <testcase name="a" time="1.003" classname="com.boonya.app.test.SecondTest"/>
  <testcase name="b" time="1.004" classname="com.boonya.app.test.SecondTest"/>
  <testcase name="c" time="1.001" classname="com.boonya.app.test.SecondTest"/>
  <testcase name="d" time="1.002" classname="com.boonya.app.test.SecondTest"/>
  <testcase name="e" time="1.002" classname="com.boonya.app.test.SecondTest"/>
  <testcase name="f" time="1.004" classname="com.boonya.app.test.SecondTest"/>
  <testcase name="a" time="1.002" classname="com.boonya.app.test.ThirdTest"/>
  <testcase name="b" time="1.003" classname="com.boonya.app.test.ThirdTest"/>
  <testcase name="c" time="1.002" classname="com.boonya.app.test.ThirdTest"/>
  <testcase name="d" time="1.002" classname="com.boonya.app.test.ThirdTest"/>
  <testcase name="e" time="1.002" classname="com.boonya.app.test.ThirdTest"/>
  <testcase name="f" time="1.001" classname="com.boonya.app.test.ThirdTest"/>
  <testcase name="c" time="0.024" classname="com.boonya.app.test.SeleniumTest">
    <failure type="org.openqa.selenium.WebDriverException" message="SafariDriver requires Safari 10 running on OSX El Capitan or greater.
Build info: version: &amp;apos;3.4.0&amp;apos;, revision: &amp;apos;unknown&amp;apos;, time: &amp;apos;unknown&amp;apos;
System info: host: &amp;apos;PENGJUNLIN&amp;apos;, ip: &amp;apos;192.168.1.7&amp;apos;, os.name: &amp;apos;Windows 10&amp;apos;, os.arch: &amp;apos;amd64&amp;apos;, os.version: &amp;apos;10.0&amp;apos;, java.version: &amp;apos;1.8.0_121&amp;apos;
Driver info: driver.version: SafariDriver">
      <![CDATA[org.openqa.selenium.WebDriverException: SafariDriver requires Safari 10 running on OSX El Capitan or greater.
Build info: version: '3.4.0', revision: 'unknown', time: 'unknown'
System info: host: 'PENGJUNLIN', ip: '192.168.1.7', os.name: 'Windows 10', os.arch: 'amd64', os.version: '10.0', java.version: '1.8.0_121'
Driver info: driver.version: SafariDriver
	at org.openqa.selenium.safari.SafariDriver.getExecutor(SafariDriver.java:66)
	at org.openqa.selenium.safari.SafariDriver.<init>(SafariDriver.java:60)
	at org.openqa.selenium.safari.SafariDriver.<init>(SafariDriver.java:40)
	at com.boonya.app.test.SeleniumTest.c(SeleniumTest.java:17)
... Removed 25 stack frames]]>
    </failure>
  </testcase> <!-- c -->
  <testcase name="d" time="0.043" classname="com.boonya.app.test.SeleniumTest">
    <failure type="java.lang.IllegalStateException" message="The path to the driver executable must be set by the webdriver.opera.driver system property; for more information, see https://github.com/operasoftware/operachromiumdriver. The latest version can be downloaded from https://github.com/operasoftware/operachromiumdriver/releases">
      <![CDATA[java.lang.IllegalStateException: The path to the driver executable must be set by the webdriver.opera.driver system property; for more information, see https://github.com/operasoftware/operachromiumdriver. The latest version can be downloaded from https://github.com/operasoftware/operachromiumdriver/releases
	at com.google.common.base.Preconditions.checkState(Preconditions.java:738)
	at org.openqa.selenium.remote.service.DriverService.findExecutable(DriverService.java:124)
	at org.openqa.selenium.opera.OperaDriverService.access$000(OperaDriverService.java:32)
	at org.openqa.selenium.opera.OperaDriverService$Builder.findDefaultExecutable(OperaDriverService.java:118)
	at org.openqa.selenium.remote.service.DriverService$Builder.build(DriverService.java:330)
	at org.openqa.selenium.opera.OperaDriverService.createDefaultService(OperaDriverService.java:82)
	at org.openqa.selenium.opera.OperaDriver.<init>(OperaDriver.java:115)
	at com.boonya.app.test.SeleniumTest.d(SeleniumTest.java:25)
... Removed 25 stack frames]]>
    </failure>
  </testcase> <!-- d -->
  <testcase name="e" time="0.012" classname="com.boonya.app.test.SeleniumTest">
    <failure type="java.lang.IllegalStateException" message="The path to the driver executable must be set by the webdriver.chrome.driver system property; for more information, see https://github.com/SeleniumHQ/selenium/wiki/ChromeDriver. The latest version can be downloaded from http://chromedriver.storage.googleapis.com/index.html">
      <![CDATA[java.lang.IllegalStateException: The path to the driver executable must be set by the webdriver.chrome.driver system property; for more information, see https://github.com/SeleniumHQ/selenium/wiki/ChromeDriver. The latest version can be downloaded from http://chromedriver.storage.googleapis.com/index.html
	at com.google.common.base.Preconditions.checkState(Preconditions.java:738)
	at org.openqa.selenium.remote.service.DriverService.findExecutable(DriverService.java:124)
	at org.openqa.selenium.chrome.ChromeDriverService.access$000(ChromeDriverService.java:32)
	at org.openqa.selenium.chrome.ChromeDriverService$Builder.findDefaultExecutable(ChromeDriverService.java:137)
	at org.openqa.selenium.remote.service.DriverService$Builder.build(DriverService.java:330)
	at org.openqa.selenium.chrome.ChromeDriverService.createDefaultService(ChromeDriverService.java:88)
	at org.openqa.selenium.chrome.ChromeDriver.<init>(ChromeDriver.java:124)
	at com.boonya.app.test.SeleniumTest.e(SeleniumTest.java:33)
... Removed 25 stack frames]]>
    </failure>
  </testcase> <!-- e -->
  <testcase name="f" time="0.129" classname="com.boonya.app.test.SeleniumTest">
    <failure type="java.lang.IllegalStateException" message="The path to the driver executable must be set by the webdriver.gecko.driver system property; for more information, see https://github.com/mozilla/geckodriver. The latest version can be downloaded from https://github.com/mozilla/geckodriver/releases">
      <![CDATA[java.lang.IllegalStateException: The path to the driver executable must be set by the webdriver.gecko.driver system property; for more information, see https://github.com/mozilla/geckodriver. The latest version can be downloaded from https://github.com/mozilla/geckodriver/releases
	at com.google.common.base.Preconditions.checkState(Preconditions.java:738)
	at org.openqa.selenium.remote.service.DriverService.findExecutable(DriverService.java:124)
	at org.openqa.selenium.firefox.GeckoDriverService.access$100(GeckoDriverService.java:41)
	at org.openqa.selenium.firefox.GeckoDriverService$Builder.findDefaultExecutable(GeckoDriverService.java:115)
	at org.openqa.selenium.remote.service.DriverService$Builder.build(DriverService.java:330)
	at org.openqa.selenium.firefox.FirefoxDriver.toExecutor(FirefoxDriver.java:207)
	at org.openqa.selenium.firefox.FirefoxDriver.<init>(FirefoxDriver.java:108)
	at org.openqa.selenium.firefox.FirefoxDriver.<init>(FirefoxDriver.java:104)
	at com.boonya.app.test.SeleniumTest.f(SeleniumTest.java:41)
... Removed 25 stack frames]]>
    </failure>
  </testcase> <!-- f -->
</testsuite> <!-- Test -->
